<?xml version="1.0" encoding="UTF-8"?>
<!-- Generated by org.testng.reporters.JUnitReportReporter -->
<testsuite skipped="0" hostname="ip-172-31-19-21" name="tests.LoginTest" tests="1" failures="0" timestamp="11 Dec 2020 18:13:09 GMT" time="4.424" errors="0">
  <testcase name="Login" time="4.424" classname="tests.LoginTest"/>
</testsuite> <!-- tests.LoginTest -->
